C51 COMPILER V9.60.7.0   ADC                                                               09/19/2024 15:31:50 PAGE 1   


C51 COMPILER V9.60.7.0, COMPILATION OF MODULE ADC
OBJECT MODULE PLACED IN .\Objects\ADC.obj
COMPILER INVOKED BY: C:\Keil_v5\C51\BIN\C51.EXE ADC.c OPTIMIZE(8,SPEED) BROWSE DEBUG OBJECTEXTEND PRINT(.\Listings\ADC.l
                    -st) TABS(2) OBJECT(.\Objects\ADC.obj)

line level    source

   1          # include <reg52.h>
   2          # include "LCD.h"
   3          # include "ADC.h"
   4          
   5          
   6          sbit CS =P3^5;          
   7          sbit DCLK =P3^6;        
   8          sbit DIN =P3^4;          
   9          sbit DOUT =P3^7;        
  10          
  11          
  12          unsigned char ADC_Driver (bit A0,bit A1,bit A2)         
  13          {  
  14   1        
  15   1        unsigned char i, temp=0;
  16   1         DCLK=0;                                
  17   1         CS=0;                                         
  18   1         
  19   1         DCLK=0;  DIN=1;  DCLK=1;                    
  20   1         DCLK=0;  DIN=A2;  DCLK=1;              
  21   1         DCLK=0;  DIN=A1;  DCLK=1;              
  22   1         DCLK=0;  DIN=A0;  DCLK=1;                 
  23   1         DCLK=0;  DIN=1;  DCLK=1;                      
  24   1         DCLK=0;  DIN=1;  DCLK=1;                    
  25   1         DCLK=0;  DIN=1;  DCLK=1;                  
  26   1         DCLK=0;  DIN=1;  DCLK=1;                 
  27   1        
  28   1         
  29   1        DCLK = 0;        
  30   1        Delay(10);
  31   1      
  32   1      
  33   1        for(i=0;i<=7;i++)
  34   1        {  
  35   2          temp <<=1;         
  36   2                        
  37   2           DCLK=1;              
  38   2           DCLK=0; 
  39   2           temp |=DOUT;       
  40   2             
  41   2        }
  42   1        
  43   1         CS=1;             
  44   1        
  45   1        return temp;     
  46   1      }
  47          
  48          
  49          float  DAC_VOLTAGE ()       
  50          {
  51   1        float voltage,value;    
  52   1        
  53   1        value = ADC_Driver(0,1,1);              
  54   1        
C51 COMPILER V9.60.7.0   ADC                                                               09/19/2024 15:31:50 PAGE 2   

  55   1               voltage=value*(5.0/255.0);            
  56   1               LCD_ShowString(2,0,"Voltage:");
  57   1               LCD_ShowNum(2,10,voltage,1);        
  58   1               LCD_ShowChar(2,11,'.'); 
  59   1               LCD_ShowNum(2,12,(unsigned int)(voltage*1000)%1000,3); 
  60   1               LCD_ShowChar(2,15,'V');
  61   1               Delay(1000);
  62   1        return voltage; 
  63   1      
  64   1      }
  65            
  66            
  67            


MODULE INFORMATION:   STATIC OVERLAYABLE
   CODE SIZE        =    260    ----
   CONSTANT SIZE    =      9    ----
   XDATA SIZE       =   ----    ----
   PDATA SIZE       =   ----    ----
   DATA SIZE        =   ----       9
   IDATA SIZE       =   ----    ----
   BIT SIZE         =   ----       3
END OF MODULE INFORMATION.


C51 COMPILATION COMPLETE.  0 WARNING(S),  0 ERROR(S)
