C51 COMPILER V9.60.7.0   LCD                                                               09/25/2024 12:40:42 PAGE 1   


C51 COMPILER V9.60.7.0, COMPILATION OF MODULE LCD
OBJECT MODULE PLACED IN .\Objects\lcd.obj
COMPILER INVOKED BY: C:\Keil_v5\C51\BIN\C51.EXE lcd.c OPTIMIZE(8,SPEED) BROWSE DEBUG OBJECTEXTEND PRINT(.\Listings\lcd.l
                    -st) TABS(2) OBJECT(.\Objects\lcd.obj)

line level    source

   1          # include <reg51.h>
   2          # include "lcd.h"
   3          # include "key.h"
   4          # include "ADC.h"
   5          
   6          
   7          sbit RW=P2^5;                                     
   8          sbit RS=P2^6;                                     
   9          sbit EN=P2^7;                                     
  10          sbit DB4=P0^4;                               
  11          sbit DB5=P0^5;
  12          sbit DB6=P0^6;
  13          sbit DB7=P0^7;
  14          
  15          void Delay (unsigned int value)
  16          {
  17   1          unsigned int j;
  18   1          
  19   1          for (j=0; j<value ;j++)
  20   1          {  
  21   2              TH1=0xFC;
  22   2              TL1=0x66;
  23   2              TF1=0;
  24   2              TR1=1;
  25   2              while(TF1==0);
  26   2              TF1=0;
  27   2              TR1=0;
  28   2          }
  29   1      }
  30          
  31          void LCD4_write (unsigned char Value)
  32          {  
  33   1          DB4=0x10 & Value; 
  34   1          DB5=0x20 & Value; 
  35   1          DB6=0x40 & Value; 
  36   1          DB7=0x80 & Value; 
  37   1      
  38   1          EN=1;                       
  39   1          Delay(4);                   
  40   1          EN=0;                       
  41   1      }
  42          
  43          void LCD_Command (unsigned char cmd)
  44          { 
  45   1          RS=0;                           
  46   1          RW=0;                         
  47   1          LCD4_write(cmd & 0xF0);        
  48   1          LCD4_write(cmd <<4 );          
  49   1      }
  50          
  51          void LCD_Data (unsigned char Data)
  52          { 
  53   1          RS=1;                          
  54   1          RW=0;                         
C51 COMPILER V9.60.7.0   LCD                                                               09/25/2024 12:40:42 PAGE 2   

  55   1          LCD4_write ( Data & 0xF0);
  56   1          LCD4_write (Data <<4 );
  57   1      }
  58          
  59          void String_data (unsigned char *p)
  60          {
  61   1          while(*p)
  62   1          {
  63   2              LCD_Data(*p++);
  64   2          }
  65   1      }
  66          
  67          void LCD_Intialization(void)
  68          {  
  69   1          Delay(100);
  70   1          LCD_Command(0x02);
  71   1          LCD_Command(0x28);
  72   1          LCD_Command(0x0C);
  73   1          LCD_Command(0x01);
  74   1          LCD_Command(0x80);
  75   1      }
  76          
  77          void Set_cursor(int row, int coloum)
  78          {      
  79   1          if(row==1)                                       
  80   1          {   LCD_Command(0x80+coloum); }
  81   1          else if(row==2)                                  
  82   1          {   LCD_Command(0xC0+coloum); }
  83   1      }
  84          
  85          int lcd_Pow(int X,int Y)
  86          {
  87   1          unsigned char i;
  88   1          int Result=1;
  89   1          for(i=0;i<Y;i++)
  90   1          {
  91   2              Result*=X;
  92   2          }
  93   1          return Result;
  94   1      }
  95          
  96          void LCD_ShowNum(unsigned char Line,unsigned char Column,unsigned int Number,unsigned char Length)
  97          {
*** WARNING C235 IN LINE 97 OF lcd.c: parameter 3: different types
  98   1          unsigned char i;
  99   1          Set_cursor(Line,Column);                     
 100   1          for(i=Length;i>0;i--)                       
 101   1          {
 102   2              LCD_Data(Number/lcd_Pow(10,i-1)%10+'0');   
 103   2          }
 104   1      }
 105          
 106          void LCD_ShowChar(unsigned char Line,unsigned char Column,unsigned char Char)
 107          {
 108   1          Set_cursor(Line,Column);
 109   1          LCD_Data(Char);
 110   1      }
 111          
 112          void LCD_ShowString(unsigned char Line,unsigned char Column,char *String)
 113          {
 114   1          unsigned char i;
 115   1          Set_cursor(Line,Column);
C51 COMPILER V9.60.7.0   LCD                                                               09/25/2024 12:40:42 PAGE 3   

 116   1          for(i=0;String[i]!='\0';i++)
 117   1          {
 118   2              LCD_Data(String[i]);
 119   2          }
 120   1      }


MODULE INFORMATION:   STATIC OVERLAYABLE
   CODE SIZE        =    353    ----
   CONSTANT SIZE    =   ----    ----
   XDATA SIZE       =   ----    ----
   PDATA SIZE       =   ----    ----
   DATA SIZE        =   ----      18
   IDATA SIZE       =   ----    ----
   BIT SIZE         =   ----    ----
END OF MODULE INFORMATION.


C51 COMPILATION COMPLETE.  1 WARNING(S),  0 ERROR(S)
