C51 COMPILER V9.60.7.0   MAIN                                                              09/25/2024 12:40:42 PAGE 1   


C51 COMPILER V9.60.7.0, COMPILATION OF MODULE MAIN
OBJECT MODULE PLACED IN .\Objects\main.obj
COMPILER INVOKED BY: C:\Keil_v5\C51\BIN\C51.EXE main.c OPTIMIZE(8,SPEED) BROWSE DEBUG OBJECTEXTEND PRINT(.\Listings\main
                    -.lst) TABS(2) OBJECT(.\Objects\main.obj)

line level    source

   1          # include <reg51.h>
   2          # include "lcd.h"
   3          # include "key.h"
   4          # include "ADC.h"
   5          
   6          
   7          
   8          extern unsigned int DutyCycle_Limit;
   9          float voltage, value;
  10          
  11          
  12          void main (void)
  13          {
  14   1        LCD_Intialization();                  
  15   1        Timer0_Intilization ();              
  16   1        DutyCycle_Limit = 0.00;
  17   1        LCD_ShowNum(1,10,DutyCycle_Limit,3);
  18   1        Set_cursor(1,0);
  19   1        String_data("DutyCycle:");
  20   1        
  21   1        while(1)
  22   1          { 
  23   2            External_Keys();               
  24   2            Delay(1000);
  25   2         
  26   2            DAC_VOLTAGE ();                  
  27   2            Delay(1000);
  28   2              
  29   2          }
  30   1      }


MODULE INFORMATION:   STATIC OVERLAYABLE
   CODE SIZE        =     65    ----
   CONSTANT SIZE    =     11    ----
   XDATA SIZE       =   ----    ----
   PDATA SIZE       =   ----    ----
   DATA SIZE        =      8    ----
   IDATA SIZE       =   ----    ----
   BIT SIZE         =   ----    ----
END OF MODULE INFORMATION.


C51 COMPILATION COMPLETE.  0 WARNING(S),  0 ERROR(S)
