C51 COMPILER V9.60.7.0   MAIN                                                              09/19/2024 15:29:42 PAGE 1   


C51 COMPILER V9.60.7.0, COMPILATION OF MODULE MAIN
OBJECT MODULE PLACED IN .\Objects\main.obj
COMPILER INVOKED BY: C:\Keil_v5\C51\BIN\C51.EXE main.c OPTIMIZE(8,SPEED) BROWSE DEBUG OBJECTEXTEND PRINT(.\Listings\main
                    -.lst) TABS(2) OBJECT(.\Objects\main.obj)

line level    source

   1          
   2          
   3          # include <reg52.h>
   4          # include "LCD.h"
   5          # include "KeyController.h"
   6          # include "ADC.h"
   7          
   8          
   9          
  10          extern unsigned int DutyCycle_Limit;
  11          float voltage, value;
  12          
  13          void main (void)
  14          {
  15   1        LCD_Intialization();               
  16   1        Timer0_Intilization ();               
  17   1        DutyCycle_Limit = 0.00;
  18   1        LCD_ShowNum(1,10,DutyCycle_Limit,3);
  19   1        Set_cursor(1,0);
  20   1        String_data("DutyCycle:");
  21   1        
  22   1        while(1)
  23   1          { 
  24   2            External_Keys();              
  25   2            Delay(1000);
  26   2         
  27   2            DAC_VOLTAGE ();                 
  28   2            Delay(1000);
  29   2              
  30   2          }
  31   1      }


MODULE INFORMATION:   STATIC OVERLAYABLE
   CODE SIZE        =     65    ----
   CONSTANT SIZE    =     11    ----
   XDATA SIZE       =   ----    ----
   PDATA SIZE       =   ----    ----
   DATA SIZE        =      8    ----
   IDATA SIZE       =   ----    ----
   BIT SIZE         =   ----    ----
END OF MODULE INFORMATION.


C51 COMPILATION COMPLETE.  0 WARNING(S),  0 ERROR(S)
