C51 COMPILER V9.60.7.0   LCD                                                               09/25/2024 12:45:19 PAGE 1   


C51 COMPILER V9.60.7.0, COMPILATION OF MODULE LCD
OBJECT MODULE PLACED IN .\Objects\lcd.obj
COMPILER INVOKED BY: C:\Keil_v5\C51\BIN\C51.EXE lcd.c OPTIMIZE(8,SPEED) BROWSE DEBUG OBJECTEXTEND PRINT(.\Listings\lcd.l
                    -st) TABS(2) OBJECT(.\Objects\lcd.obj)

line level    source

   1          # include <reg52.h>
   2          # include "lcd.h"
   3          # include "ds1302.h"
*** WARNING C318 IN LINE 3 OF lcd.c: can't open file 'ds1302.h'
   4          
   5          #define LCD_DATAPORT P0                           
   6          sbit RW=P2^5;                                     
   7          sbit RS=P2^6;                                     
   8          sbit EN=P2^7;                                     
   9          sbit DB4=P0^4;                               
  10          sbit DB5=P0^5;
  11          sbit DB6=P0^6;
  12          sbit DB7=P0^7;
  13          
  14          void Delay (unsigned int value)
  15          {
  16   1          unsigned int j;
  17   1          
  18   1          for (j=0; j<value ;j++)
  19   1          {  
  20   2              TH1=0xFC;
  21   2              TL1=0x66;
  22   2              TF1=0;
  23   2              TR1=1;
  24   2              while(TF1==0);
  25   2              TF1=0;
  26   2              TR1=0;
  27   2          }
  28   1      }
  29          
  30          void LCD4_write (unsigned char Value)
  31          {  
  32   1          DB4=0x10 & Value; 
  33   1          DB5=0x20 & Value; 
  34   1          DB6=0x40 & Value; 
  35   1          DB7=0x80 & Value; 
  36   1      
  37   1          EN=1;                       
  38   1          Delay(4);                   
  39   1          EN=0;                       
  40   1      }
  41          
  42          void LCD_Command (unsigned char cmd)
  43          { 
  44   1          RS=0;                           
  45   1          RW=0;                         
  46   1          LCD4_write(cmd & 0xF0);        
  47   1          LCD4_write(cmd <<4 );          
  48   1      }
  49          
  50          void LCD_Data (unsigned char Data)
  51          { 
  52   1          RS=1;                          
  53   1          RW=0;                         
C51 COMPILER V9.60.7.0   LCD                                                               09/25/2024 12:45:19 PAGE 2   

  54   1          LCD4_write ( Data & 0xF0);
  55   1          LCD4_write (Data <<4 );
  56   1      }
  57          
  58          void String_data (unsigned char *p)
  59          {
  60   1          while(*p)
  61   1          {
  62   2              LCD_Data(*p++);
  63   2          }
  64   1      }
  65          
  66          void LCD_Intialization(void)
  67          {  
  68   1          Delay(100);
  69   1          LCD_Command(0x02);
  70   1          LCD_Command(0x28);
  71   1          LCD_Command(0x0C);
  72   1          LCD_Command(0x01);
  73   1          LCD_Command(0x80);
  74   1      }
  75          
  76          void Set_cursor(int row, int coloum)
  77          {      
  78   1          if(row==1)                                       
  79   1          {   LCD_Command(0x80+coloum); }
  80   1          else if(row==2)                                  
  81   1          {   LCD_Command(0xC0+coloum); }
  82   1      }
  83          
  84          int lcd_Pow(int X,int Y)
  85          {
  86   1          unsigned char i;
  87   1          int Result=1;
  88   1          for(i=0;i<Y;i++)
  89   1          {
  90   2              Result*=X;
  91   2          }
  92   1          return Result;
  93   1      }
  94          
  95          void LCD_ShowNum(unsigned char Line,unsigned char Column,unsigned int Number,unsigned char Length)
  96          {
*** WARNING C235 IN LINE 96 OF lcd.c: parameter 3: different types
  97   1          unsigned char i;
  98   1          Set_cursor(Line,Column);                     
  99   1          for(i=Length;i>0;i--)                       
 100   1          {
 101   2              LCD_Data(Number/lcd_Pow(10,i-1)%10+'0');   
 102   2          }
 103   1      }
 104          
 105          void LCD_ShowChar(unsigned char Line,unsigned char Column,unsigned char Char)
 106          {
 107   1          Set_cursor(Line,Column);
 108   1          LCD_Data(Char);
 109   1      }
 110          
 111          void LCD_ShowString(unsigned char Line,unsigned char Column,char *String)
 112          {
 113   1          unsigned char i;
 114   1          Set_cursor(Line,Column);
C51 COMPILER V9.60.7.0   LCD                                                               09/25/2024 12:45:19 PAGE 3   

 115   1          for(i=0;String[i]!='\0';i++)
 116   1          {
 117   2              LCD_Data(String[i]);
 118   2          }
 119   1      }


MODULE INFORMATION:   STATIC OVERLAYABLE
   CODE SIZE        =    353    ----
   CONSTANT SIZE    =   ----    ----
   XDATA SIZE       =   ----    ----
   PDATA SIZE       =   ----    ----
   DATA SIZE        =   ----      18
   IDATA SIZE       =   ----    ----
   BIT SIZE         =   ----    ----
END OF MODULE INFORMATION.


C51 COMPILATION COMPLETE.  2 WARNING(S),  0 ERROR(S)
