C51 COMPILER V9.60.7.0   ADC                                                               09/25/2024 12:12:37 PAGE 1   


C51 COMPILER V9.60.7.0, COMPILATION OF MODULE ADC
OBJECT MODULE PLACED IN .\Objects\adc.obj
COMPILER INVOKED BY: C:\Keil_v5\C51\BIN\C51.EXE adc.c OPTIMIZE(8,SPEED) BROWSE DEBUG OBJECTEXTEND PRINT(.\Listings\adc.l
                    -st) TABS(2) OBJECT(.\Objects\adc.obj)

line level    source

   1          # include <reg51.h>
   2          # include "lcd.h"
   3          # include "adc.h"
   4          
   5          sbit CS = P3^5;
   6          sbit DCLK = P3^6;
   7          sbit DIN = P3^4;
   8          sbit DOUT = P3^7;
   9          
  10          unsigned char ADC_Driver(bit A0, bit A1, bit A2)
  11          {
  12   1          unsigned char i, temp = 0;
  13   1          DCLK = 0;
  14   1          CS = 0;
  15   1      
  16   1          DCLK = 0; DIN = 1; DCLK = 1;
  17   1          DCLK = 0; DIN = A2; DCLK = 1;
  18   1          DCLK = 0; DIN = A1; DCLK = 1;
  19   1          DCLK = 0; DIN = A0; DCLK = 1;
  20   1          DCLK = 0; DIN = 1; DCLK = 1;
  21   1          DCLK = 0; DIN = 1; DCLK = 1;
  22   1          DCLK = 0; DIN = 1; DCLK = 1;
  23   1          DCLK = 0; DIN = 1; DCLK = 1;
  24   1          DCLK = 0; DIN = 1; DCLK = 1;
  25   1      
  26   1          DCLK = 0;
  27   1          Delay(10);
  28   1      
  29   1          for (i = 0; i <= 7; i++)
  30   1          {
  31   2              temp <<= 1;
  32   2              DCLK = 1;
  33   2              DCLK = 0;
  34   2              temp |= DOUT;
  35   2          }
  36   1      
  37   1          CS = 1;
  38   1      
  39   1          return temp;
  40   1      }
  41          
  42          float DAC_VOLTAGE()
  43          {
  44   1          float voltage, value;
  45   1      
  46   1          value = ADC_Driver(0, 1, 1);
  47   1      
  48   1          voltage = value * (5.0 / 255.0);
  49   1      
  50   1          LCD_ShowString(2, 0, "Voltage:");
  51   1          LCD_ShowNum(2, 10, voltage, 1);
  52   1          LCD_ShowChar(2, 11, '.');
  53   1          LCD_ShowNum(2, 12, (unsigned int)(voltage * 1000) % 1000, 3);
  54   1          LCD_ShowChar(2, 15, 'V');
C51 COMPILER V9.60.7.0   ADC                                                               09/25/2024 12:12:37 PAGE 2   

  55   1          Delay(1000);
  56   1      
  57   1          return voltage;
  58   1      }


MODULE INFORMATION:   STATIC OVERLAYABLE
   CODE SIZE        =    266    ----
   CONSTANT SIZE    =      9    ----
   XDATA SIZE       =   ----    ----
   PDATA SIZE       =   ----    ----
   DATA SIZE        =   ----       9
   IDATA SIZE       =   ----    ----
   BIT SIZE         =   ----       3
END OF MODULE INFORMATION.


C51 COMPILATION COMPLETE.  0 WARNING(S),  0 ERROR(S)
